Traceback (most recent call last):
  File "/opt/hostedtoolcache/Python/3.9.17/x64/lib/python3.9/site-packages/jupyter_cache/executors/utils.py", line 58, in single_nb_execution
    executenb(
  File "/opt/hostedtoolcache/Python/3.9.17/x64/lib/python3.9/site-packages/nbclient/client.py", line 1305, in execute
    return NotebookClient(nb=nb, resources=resources, km=km, **kwargs).execute()
  File "/opt/hostedtoolcache/Python/3.9.17/x64/lib/python3.9/site-packages/jupyter_core/utils/__init__.py", line 166, in wrapped
    return loop.run_until_complete(inner)
  File "/opt/hostedtoolcache/Python/3.9.17/x64/lib/python3.9/asyncio/base_events.py", line 647, in run_until_complete
    return future.result()
  File "/opt/hostedtoolcache/Python/3.9.17/x64/lib/python3.9/site-packages/nbclient/client.py", line 705, in async_execute
    await self.async_execute_cell(
  File "/opt/hostedtoolcache/Python/3.9.17/x64/lib/python3.9/site-packages/nbclient/client.py", line 1058, in async_execute_cell
    await self._check_raise_for_error(cell, cell_index, exec_reply)
  File "/opt/hostedtoolcache/Python/3.9.17/x64/lib/python3.9/site-packages/nbclient/client.py", line 914, in _check_raise_for_error
    raise CellExecutionError.from_cell_and_msg(cell, exec_reply_content)
nbclient.exceptions.CellExecutionError: An error occurred while executing the following cell:
------------------
def has_roots(a, b, c):
    '''Return True iff ax^2+bx+c=0 has real roots
    
    [Note: Return True iff ... means, in Python (but not in math!) Return 
    True if ax^2+bx+c=0 has real roots and False otherwise]
    
    Arguments:
    a, b, c -- floats
    '''
    
    disc = b**2-4*a*c
    
    This is not the nicest way to write this -- we'll rewrite this function later
    if disc >= 0:
        return True
    else:
       return False
------------------


[0;36m  Cell [0;32mIn[1], line 13[0;36m[0m
[0;31m    This is not the nicest way to write this -- we'll rewrite this function later[0m
[0m                    ^[0m
[0;31mSyntaxError[0m[0;31m:[0m invalid syntax


